0	1	mikroCARM.exe -MSF -DBG -pSTM32F107VC -BIN -LHF -DL -SSA -O11111114 -fo72 -N"D:\Clicks_git\S\SAML10_Touch_Click\SW\example\c\ARM\STM\Click_SAML_Touch_STM.mcpar" -SP"C:\Users\Public\Documents\Mikroelektronika\mikroC PRO for ARM\Defs\" -SP"C:\Users\Public\Documents\Mikroelektronika\mikroC PRO for ARM\Uses\ST M3\" -SP"D:\Clicks_git\S\SAML10_Touch_Click\SW\example\c\ARM\STM\" -SP"D:\Clicks_git\S\SAML10_Touch_Click\SW\library\HAL\" -SP"D:\Clicks_git\S\SAML10_Touch_Click\SW\library\" -SP"C:\Users\Public\Documents\Mikroelektronika\mikroC PRO for ARM\Packages\mikroBUS Board Definition API\Uses\" -IP"C:\Users\Public\Documents\Mikroelektronika\mikroC PRO for ARM\Uses\ST M3\" -IP"D:\Clicks_git\S\SAML10_Touch_Click\SW\example\c\ARM\STM\" -IP"D:\Clicks_git\S\SAML10_Touch_Click\SW\library\" -IP"D:\Clicks_git\S\SAML10_Touch_Click\SW\library\HAL\" -IP"C:\Users\Public\Documents\Mikroelektronika\mikroC PRO for ARM\Packages\mikroBUS Board Definition API\Uses\" "Click_SAML_Touch_STM.c" "__samltouch_driver.c" "__Lib_Math.emcl" "__Lib_MathDouble.emcl" "__Lib_Delays.emcl" "__Lib_System_105_107.emcl" "__Lib_GPIO_32F10x_Defs.emcl" "__Lib_GPIO_32F10x.emcl" "__Lib_CString.emcl" "__Lib_Conversions.emcl" "__Lib_UART_123_45.emcl" "easymx_v7_STM32F107VC.emcl" "Click_SAML_Touch.pld"	 
diagnostics: 0	122	Compilation Started	stdint.h
hint: 0	1004	interrupt handler (Timer_interrupt at 0x002C)	click_saml_touch_timer.h
diagnostics: 106	123	Compiled Successfully	Click_SAML_Touch_STM.c
hint: 40	1164	Variable 'tmp' has been eliminated by optimizer	Click_SAML_Touch_STM.c
hint: 38	1164	Variable 'evArgs' has been eliminated by optimizer	Click_SAML_Touch_STM.c
diagnostics: 0	122	Compilation Started	stdint.h
diagnostics: 821	123	Compiled Successfully	__samltouch_driver.c
hint: 217	1164	Variable 'tmp' has been eliminated by optimizer	__samltouch_driver.c
hint: 135	1164	Variable 'tmp' has been eliminated by optimizer	__samltouch_driver.c
hint: 277	1164	Variable 'tmp' has been eliminated by optimizer	__samltouch_driver.c
hint: 288	1164	Variable 'tmp' has been eliminated by optimizer	__samltouch_driver.c
hint: 699	1164	Variable 'tmp' has been eliminated by optimizer	__samltouch_driver.c
hint: 760	1164	Variable 'button_2' has been eliminated by optimizer	__samltouch_driver.c
hint: 762	1164	Variable 'pSWM' has been eliminated by optimizer	__samltouch_driver.c
hint: 763	1164	Variable 'pSWL' has been eliminated by optimizer	__samltouch_driver.c
hint: 764	1164	Variable 'tmp' has been eliminated by optimizer	__samltouch_driver.c
hint: 765	1164	Variable 'pom' has been eliminated by optimizer	__samltouch_driver.c
hint: 767	1164	Variable 'slider_lsb' has been eliminated by optimizer	__samltouch_driver.c
hint: 768	1164	Variable 'slider_msb' has been eliminated by optimizer	__samltouch_driver.c
diagnostics: 0	127	All files Compiled in 172 ms	 
hint: 0	1144	Used RX: 16 (100%)   Free RX: 0 (0%)	Used RX: 16 (100%)   Free RX: 0 (0%)
hint: 0	1144	Static RAM (bytes): 2259   Dynamic RAM (bytes): 63273	Static RAM (bytes): 2259   Dynamic RAM (bytes): 63273
hint: 0	1144	Used ROM (bytes): 7993 (3%)  Free ROM (bytes): 254151 (97%)	Used ROM (bytes): 7993 (3%)  Free ROM (bytes): 254151 (97%)
diagnostics: 0	125	Project Linked Successfully	Click_SAML_Touch_STM.mcpar
diagnostics: 0	128	Linked in 235 ms	 
diagnostics: 0	129	Project 'Click_SAML_Touch_STM.mcpar' completed: 516 ms	 
diagnostics: 0	103	Finished successfully: 11 feb 2019, 11:04:34	Click_SAML_Touch_STM.mcpar
